<?xml version="1.0" encoding="UTF-8"?>
<testsuite xmlns:xsi="http://www.w3.org/2001/XMLSchema-instance" xsi:noNamespaceSchemaLocation="https://maven.apache.org/surefire/maven-surefire-plugin/xsd/surefire-test-report.xsd" version="3.0.2" name="dev.culturiz.hacka_boot.HackaBootApplicationTests" time="1.825" tests="1" errors="0" skipped="0" failures="0">
  <properties>
[...]
</properties>
  <testcase name="contextLoads" classname="dev.culturiz.hacka_boot.HackaBootApplicationTests" time="0.425">
    <system-out><![CDATA[01:06:52.588 [main] INFO org.springframework.test.context.support.AnnotationConfigContextLoaderUtils -- Could not detect default configuration classes for test class [dev.culturiz.hacka_boot.HackaBootApplicationTests]: HackaBootApplicationTests does not declare any static, non-private, non-final, nested classes annotated with @Configuration.
01:06:52.636 [main] INFO org.springframework.boot.test.context.SpringBootTestContextBootstrapper -- Found @SpringBootConfiguration dev.culturiz.hacka_boot.HackaBootApplication for test class dev.culturiz.hacka_boot.HackaBootApplicationTests
01:06:52.709 [main] INFO org.springframework.boot.devtools.restart.RestartApplicationListener -- Restart disabled due to context in which it is running

  .   ____          _            __ _ _
 /\\ / ___'_ __ _ _(_)_ __  __ _ \ \ \ \
( ( )\___ | '_ | '_| | '_ \/ _` | \ \ \ \
 \\/  ___)| |_)| | | | | || (_| |  ) ) ) )
  '  |____| .__|_| |_|_| |_\__, | / / / /
 =========|_|==============|___/=/_/_/_/

 :: Spring Boot ::                (v3.4.4)

2025-03-30T01:06:52.816+05:30  INFO 27061 --- [hacka_boot] [           main] d.c.h.HackaBootApplicationTests          : Starting HackaBootApplicationTests using Java 21.0.6 with PID 27061 (started by meettak in /Users/sandbox/project_github/hacka_boot)
2025-03-30T01:06:52.817+05:30  INFO 27061 --- [hacka_boot] [           main] d.c.h.HackaBootApplicationTests          : No active profile set, falling back to 1 default profile: "default"
2025-03-30T01:06:53.106+05:30  INFO 27061 --- [hacka_boot] [           main] .s.d.r.c.RepositoryConfigurationDelegate : Bootstrapping Spring Data JDBC repositories in DEFAULT mode.
2025-03-30T01:06:53.115+05:30  INFO 27061 --- [hacka_boot] [           main] .s.d.r.c.RepositoryConfigurationDelegate : Finished Spring Data repository scanning in 6 ms. Found 0 JDBC repository interfaces.
2025-03-30T01:06:53.236+05:30  INFO 27061 --- [hacka_boot] [           main] com.zaxxer.hikari.HikariDataSource       : HikariPool-1 - Starting...
2025-03-30T01:06:53.318+05:30  INFO 27061 --- [hacka_boot] [           main] com.zaxxer.hikari.pool.HikariPool        : HikariPool-1 - Added connection conn0: url=jdbc:h2:mem:55dcc57d-838b-4616-815b-5aea2fac7d84 user=SA
2025-03-30T01:06:53.319+05:30  INFO 27061 --- [hacka_boot] [           main] com.zaxxer.hikari.HikariDataSource       : HikariPool-1 - Start completed.
2025-03-30T01:06:53.478+05:30  INFO 27061 --- [hacka_boot] [           main] o.s.v.b.OptionalValidatorFactoryBean     : Failed to set up a Bean Validation provider: jakarta.validation.NoProviderFoundException: Unable to create a Configuration, because no Jakarta Bean Validation provider could be found. Add a provider like Hibernate Validator (RI) to your classpath.
2025-03-30T01:06:53.660+05:30  INFO 27061 --- [hacka_boot] [           main] d.c.h.HackaBootApplicationTests          : Started HackaBootApplicationTests in 0.958 seconds (process running for 1.34)
2025-03-30T01:06:53.661+05:30  INFO 27061 --- [hacka_boot] [           main] d.c.hacka_boot.HackaBootApplication      : Drug: dev.culturiz.hacka_boot.run.Drug@f4f843f
2025-03-30T01:06:53.669+05:30  INFO 27061 --- [hacka_boot] [           main] d.c.hacka_boot.run.DrugJsonDataLoader    : Database is empty. Loading drug data from JSON...
2025-03-30T01:06:53.787+05:30  INFO 27061 --- [hacka_boot] [           main] d.c.hacka_boot.run.DrugJsonDataLoader    : Found 2931 drugs in JSON file
2025-03-30T01:06:53.912+05:30  INFO 27061 --- [hacka_boot] [           main] d.c.hacka_boot.run.DrugJsonDataLoader    : Successfully loaded 2931 drugs into the database
]]></system-out>
    <system-err><![CDATA[Mockito is currently self-attaching to enable the inline-mock-maker. This will no longer work in future releases of the JDK. Please add Mockito as an agent to your build what is described in Mockito's documentation: https://javadoc.io/doc/org.mockito/mockito-core/latest/org/mockito/Mockito.html#0.3
WARNING: A Java agent has been loaded dynamically (/Users/meettak/.m2/repository/net/bytebuddy/byte-buddy-agent/1.15.11/byte-buddy-agent-1.15.11.jar)
WARNING: If a serviceability tool is in use, please run with -XX:+EnableDynamicAgentLoading to hide this warning
WARNING: If a serviceability tool is not in use, please run with -Djdk.instrument.traceUsage for more information
WARNING: Dynamic loading of agents will be disallowed by default in a future release
]]></system-err>
  </testcase>
</testsuite>